-Xajruntimetarget:1.5
-encoding
UTF-8
-21
-classpath
C:\Users\LastWeek\.m2\repository\org\aspectj\aspectjtools\1.9.21\aspectjtools-1.9.21.jar;C:\Users\LastWeek\.m2\repository\org\apache\commons\commons-lang3\3.9\commons-lang3-3.9.jar;C:\Users\LastWeek\.m2\repository\org\jline\jline\3.25.1\jline-3.25.1.jar;C:\Users\LastWeek\.m2\repository\org\fusesource\jansi\jansi\2.4.1\jansi-2.4.1.jar;C:\Users\LastWeek\ConsoleLibraryMini\target\classes
-d
C:\Users\LastWeek\ConsoleLibraryMini\target\classes
-s
C:\Users\LastWeek\ConsoleLibraryMini\target\generated-sources\aspectj-maven-plugin
C:\Users\LastWeek\ConsoleLibraryMini\src\main\java\dev\lwnd\App.java
C:\Users\LastWeek\ConsoleLibraryMini\src\main\java\dev\lwnd\book\Book.java
C:\Users\LastWeek\ConsoleLibraryMini\src\main\java\dev\lwnd\book\BookAuthorComparator.java
C:\Users\LastWeek\ConsoleLibraryMini\src\main\java\dev\lwnd\book\BookCollection.java
C:\Users\LastWeek\ConsoleLibraryMini\src\main\java\dev\lwnd\book\BookCollectionBuilder.java
C:\Users\LastWeek\ConsoleLibraryMini\src\main\java\dev\lwnd\book\BookNotFoundException.java
C:\Users\LastWeek\ConsoleLibraryMini\src\main\java\dev\lwnd\book\BookPublicationDateComparator.java
C:\Users\LastWeek\ConsoleLibraryMini\src\main\java\dev\lwnd\book\BookTitleComparator.java
C:\Users\LastWeek\ConsoleLibraryMini\src\main\java\dev\lwnd\BorrowerCatalogue.java
C:\Users\LastWeek\ConsoleLibraryMini\src\main\java\dev\lwnd\Library.java
C:\Users\LastWeek\ConsoleLibraryMini\src\main\java\dev\lwnd\LibraryConsole.java
C:\Users\LastWeek\ConsoleLibraryMini\src\main\java\dev\lwnd\member\Member.java
C:\Users\LastWeek\ConsoleLibraryMini\src\main\java\dev\lwnd\member\MemberCollection.java
C:\Users\LastWeek\ConsoleLibraryMini\src\main\java\dev\lwnd\member\MemberCollectionBuilder.java
C:\Users\LastWeek\ConsoleLibraryMini\src\main\java\dev\lwnd\member\MemberNotFoundException.java
C:\Users\LastWeek\ConsoleLibraryMini\src\main\java\dev\lwnd\menu\AddBookMenu.java
C:\Users\LastWeek\ConsoleLibraryMini\src\main\java\dev\lwnd\menu\BookManagementMenu.java
C:\Users\LastWeek\ConsoleLibraryMini\src\main\java\dev\lwnd\menu\BorrowBookMenu.java
C:\Users\LastWeek\ConsoleLibraryMini\src\main\java\dev\lwnd\menu\ListBooksMenu.java
C:\Users\LastWeek\ConsoleLibraryMini\src\main\java\dev\lwnd\menu\LocalMenu.java
C:\Users\LastWeek\ConsoleLibraryMini\src\main\java\dev\lwnd\menu\MainMenu.java
C:\Users\LastWeek\ConsoleLibraryMini\src\main\java\dev\lwnd\menu\MemberMenuGlobal.java
C:\Users\LastWeek\ConsoleLibraryMini\src\main\java\dev\lwnd\menu\RemoveBookMenu.java
C:\Users\LastWeek\ConsoleLibraryMini\src\main\java\dev\lwnd\menu\UpdateBookMenu.java
C:\Users\LastWeek\ConsoleLibraryMini\src\main\java\dev\lwnd\other\Loggable.java
C:\Users\LastWeek\ConsoleLibraryMini\src\main\java\dev\lwnd\other\LoggingAspect.java
C:\Users\LastWeek\ConsoleLibraryMini\src\main\java\dev\lwnd\other\MenuEntry.java
C:\Users\LastWeek\ConsoleLibraryMini\src\main\java\dev\lwnd\other\ObjectDescription.java
C:\Users\LastWeek\ConsoleLibraryMini\src\main\java\dev\lwnd\other\Pair.java
C:\Users\LastWeek\ConsoleLibraryMini\src\main\java\dev\lwnd\other\Runner.java
C:\Users\LastWeek\ConsoleLibraryMini\src\main\java\dev\lwnd\util\ScreenUtil.java
